[INFO] 16:06:52:798 gamecard/(8225:8236): Recib√≠ un mensaje de tipo GET_POKEMON y sus datos son: Squirtle
[INFO] 16:06:52:802 gamecard/(8225:8238): Recib√≠ un mensaje de tipo GET_POKEMON y sus datos son: Pikachu
[INFO] 16:06:52:802 gamecard/(8225:8240): Recib√≠ un mensaje de tipo GET_POKEMON y sus datos son: Gengar
[INFO] 16:06:52:806 gamecard/(8225:8242): Recib√≠ un mensaje de tipo GET_POKEMON y sus datos son: Onix
[INFO] 16:26:57:467 gamecard/(3872:3883): Recib√≠ un mensaje de tipo GET_POKEMON y sus datos son: Squirtle
[INFO] 16:26:57:468 gamecard/(3872:3885): Recib√≠ un mensaje de tipo GET_POKEMON y sus datos son: Pikachu
[INFO] 16:26:57:471 gamecard/(3872:3887): Recib√≠ un mensaje de tipo GET_POKEMON y sus datos son: Gengar
[INFO] 16:26:57:472 gamecard/(3872:3889): Recib√≠ un mensaje de tipo GET_POKEMON y sus datos son: Onix
[INFO] 16:27:42:582 gamecard/(3872:3881): Recib√≠ un mensaje de tipo APPEARED_POKEMON y sus datos son: PIKACHU 4 0
[INFO] 16:58:12:37 gamecard/(14250:14261): Recib√≠ un mensaje de tipo GET_POKEMON y sus datos son: Squirtle
[INFO] 16:58:12:43 gamecard/(14250:14263): Recib√≠ un mensaje de tipo GET_POKEMON y sus datos son: Pikachu	
[INFO] 16:58:12:44 gamecard/(14250:14265): Recib√≠ un mensaje de tipo GET_POKEMON y sus datos son: Gengar µ
[INFO] 16:58:12:45 gamecard/(14250:14267): Recib√≠ un mensaje de tipo GET_POKEMON y sus datos son: Onix @µun m
[INFO] 17:09:51:761 gamecard/(15454:15465): Recib√≠ un mensaje de tipo GET_POKEMON y sus datos son: Squirtle
[INFO] 17:09:51:764 gamecard/(15454:15467): Recib√≠ un mensaje de tipo GET_POKEMON y sus datos son: Pikachu
[INFO] 17:09:51:765 gamecard/(15454:15469): Recib√≠ un mensaje de tipo GET_POKEMON y sus datos son: Gengar
[INFO] 17:09:51:768 gamecard/(15454:15471): Recib√≠ un mensaje de tipo GET_POKEMON y sus datos son: Onix
[INFO] 17:12:23:793 gamecard/(15862:15873): Recib√≠ un mensaje de tipo GET_POKEMON y sus datos son: Squirtle
[INFO] 17:12:23:796 gamecard/(15862:15875): Recib√≠ un mensaje de tipo GET_POKEMON y sus datos son: Pikachu
[INFO] 17:12:23:799 gamecard/(15862:15877): Recib√≠ un mensaje de tipo GET_POKEMON y sus datos son: Gengar
[INFO] 17:12:23:800 gamecard/(15862:15879): Recib√≠ un mensaje de tipo GET_POKEMON y sus datos son: Onix
[INFO] 17:12:56:831 gamecard/(15862:15872): Recib√≠ un mensaje de tipo APPEARED_POKEMON y sus datos son: Pikachu 1 1
[INFO] 17:13:06:836 gamecard/(15862:15953): Recib√≠ un mensaje de tipo APPEARED_POKEMON y sus datos son: Squirtle 9 7
[INFO] 17:13:41:842 gamecard/(15862:15970): Recib√≠ un mensaje de tipo APPEARED_POKEMON y sus datos son: Onix 2 2
[INFO] 17:16:52:937 gamecard/(9209:9220): Recib√≠ un mensaje de tipo GET_POKEMON y sus datos son: Squirtle
[INFO] 17:16:52:943 gamecard/(9209:9222): Recib√≠ un mensaje de tipo GET_POKEMON y sus datos son: Pikachu
[INFO] 17:16:52:944 gamecard/(9209:9224): Recib√≠ un mensaje de tipo GET_POKEMON y sus datos son: Gengar
[INFO] 17:16:52:945 gamecard/(9209:9226): Recib√≠ un mensaje de tipo GET_POKEMON y sus datos son: Onix
[INFO] 17:17:26:939 gamecard/(9209:9219): Recib√≠ un mensaje de tipo APPEARED_POKEMON y sus datos son: Pikachu 1 1
[INFO] 17:17:36:945 gamecard/(9209:9308): Recib√≠ un mensaje de tipo APPEARED_POKEMON y sus datos son: Squirtle 9 7
[INFO] 17:18:11:952 gamecard/(9209:9327): Recib√≠ un mensaje de tipo APPEARED_POKEMON y sus datos son: Onix 2 2
[INFO] 18:20:41:492 gamecard/(10066:10077): Recib√≠ un mensaje de tipo GET_POKEMON y sus datos son: Squirtle
[INFO] 18:20:41:493 gamecard/(10066:10079): Recib√≠ un mensaje de tipo GET_POKEMON y sus datos son: Pikachu
[INFO] 18:20:41:495 gamecard/(10066:10081): Recib√≠ un mensaje de tipo GET_POKEMON y sus datos son: Gengar
[INFO] 18:20:41:501 gamecard/(10066:10083): Recib√≠ un mensaje de tipo GET_POKEMON y sus datos son: Onix
[INFO] 18:21:15:936 gamecard/(10066:10087): Recib√≠ un mensaje de tipo NEW_POKEMON y sus datos son: Pikachu 7 7 7
[INFO] 18:24:10:99 gamecard/(10490:10501): Recib√≠ un mensaje de tipo GET_POKEMON y sus datos son: Squirtle
[INFO] 18:24:10:108 gamecard/(10490:10503): Recib√≠ un mensaje de tipo GET_POKEMON y sus datos son: Pikachu
[INFO] 18:24:10:111 gamecard/(10490:10506): Recib√≠ un mensaje de tipo GET_POKEMON y sus datos son: Gengar
[INFO] 18:24:10:112 gamecard/(10490:10508): Recib√≠ un mensaje de tipo GET_POKEMON y sus datos son: Onix
[INFO] 18:24:10:120 gamecard/(10490:10511): Recib√≠ un mensaje de tipo NEW_POKEMON y sus datos son: Pikachu 7 7 7
[INFO] 18:37:04:315 gamecard/(11789:11800): Recib√≠ un mensaje de tipo GET_POKEMON y sus datos son: Squirtle
[INFO] 18:37:04:320 gamecard/(11789:11802): Recib√≠ un mensaje de tipo GET_POKEMON y sus datos son: Pikachu
[INFO] 18:37:04:320 gamecard/(11789:11804): Recib√≠ un mensaje de tipo GET_POKEMON y sus datos son: Gengar
[INFO] 18:37:04:321 gamecard/(11789:11806): Recib√≠ un mensaje de tipo GET_POKEMON y sus datos son: Onix
[INFO] 18:37:04:326 gamecard/(11789:11810): Recib√≠ un mensaje de tipo NEW_POKEMON y sus datos son: Pikachu 7 7 7
[INFO] 18:37:22:534 gamecard/(11789:11812): Recib√≠ un mensaje de tipo NEW_POKEMON y sus datos son: Moltres 7 7 7
[INFO] 18:38:37:46 gamecard/(11969:11980): Recib√≠ un mensaje de tipo GET_POKEMON y sus datos son: Squirtle
[INFO] 18:38:37:48 gamecard/(11969:11982): Recib√≠ un mensaje de tipo GET_POKEMON y sus datos son: Pikachu
[INFO] 18:38:37:51 gamecard/(11969:11984): Recib√≠ un mensaje de tipo GET_POKEMON y sus datos son: Gengar
[INFO] 18:38:37:53 gamecard/(11969:11986): Recib√≠ un mensaje de tipo GET_POKEMON y sus datos son: Onix
[INFO] 18:38:37:57 gamecard/(11969:11990): Recib√≠ un mensaje de tipo NEW_POKEMON y sus datos son: Pikachu 7 7 7
[INFO] 18:38:37:63 gamecard/(11969:11992): Recib√≠ un mensaje de tipo NEW_POKEMON y sus datos son: Moltres 7 7 7
[INFO] 18:39:08:121 gamecard/(12052:12063): Recib√≠ un mensaje de tipo GET_POKEMON y sus datos son: Squirtle
[INFO] 18:39:08:127 gamecard/(12052:12065): Recib√≠ un mensaje de tipo GET_POKEMON y sus datos son: Pikachu
[INFO] 18:39:08:128 gamecard/(12052:12067): Recib√≠ un mensaje de tipo GET_POKEMON y sus datos son: Gengar
[INFO] 18:39:08:132 gamecard/(12052:12069): Recib√≠ un mensaje de tipo GET_POKEMON y sus datos son: Onix
[INFO] 18:39:08:133 gamecard/(12052:12073): Recib√≠ un mensaje de tipo NEW_POKEMON y sus datos son: Pikachu 7 7 7
[INFO] 18:39:08:136 gamecard/(12052:12075): Recib√≠ un mensaje de tipo NEW_POKEMON y sus datos son: Moltres 7 7 7
[INFO] 18:41:14:880 gamecard/(12296:12307): Recib√≠ un mensaje de tipo GET_POKEMON y sus datos son: Squirtle
[INFO] 18:41:14:880 gamecard/(12296:12309): Recib√≠ un mensaje de tipo GET_POKEMON y sus datos son: Pikachu
[INFO] 18:41:14:883 gamecard/(12296:12311): Recib√≠ un mensaje de tipo GET_POKEMON y sus datos son: Gengar
[INFO] 18:41:14:884 gamecard/(12296:12313): Recib√≠ un mensaje de tipo GET_POKEMON y sus datos son: Onix
[INFO] 18:41:14:888 gamecard/(12296:12317): Recib√≠ un mensaje de tipo NEW_POKEMON y sus datos son: Pikachu 7 7 7
[INFO] 18:41:14:890 gamecard/(12296:12320): Recib√≠ un mensaje de tipo NEW_POKEMON y sus datos son: Moltres 7 7 7
[INFO] 18:53:12:26 gamecard/(13487:13498): Recib√≠ un mensaje de tipo GET_POKEMON y sus datos son: Squirtle
[INFO] 18:53:12:27 gamecard/(13487:13500): Recib√≠ un mensaje de tipo GET_POKEMON y sus datos son: Pikachu
[INFO] 18:53:12:37 gamecard/(13487:13502): Recib√≠ un mensaje de tipo GET_POKEMON y sus datos son: Gengar
[INFO] 18:53:12:38 gamecard/(13487:13504): Recib√≠ un mensaje de tipo GET_POKEMON y sus datos son: Onix
[INFO] 18:53:12:42 gamecard/(13487:13508): Recib√≠ un mensaje de tipo NEW_POKEMON y sus datos son: Pikachu 7 7 7
[INFO] 18:53:12:43 gamecard/(13487:13511): Recib√≠ un mensaje de tipo NEW_POKEMON y sus datos son: Moltres 7 7 7
[INFO] 18:02:28:949 gamecard/(8544:8557): Recib√≠ un mensaje de tipo NEW_POKEMON y sus datos son: Pikachu 7 1 1
[INFO] 18:04:50:747 gamecard/(9105:9118): Recib√≠ un mensaje de tipo NEW_POKEMON y sus datos son: Pikachu 7 1 1
[INFO] 18:06:31:699 gamecard/(9346:9359): Recib√≠ un mensaje de tipo NEW_POKEMON y sus datos son: Pikachu 7 1 1
[INFO] 19:07:40:218 gamecard/(15726:15739): Recib√≠ un mensaje de tipo NEW_POKEMON y sus datos son: Magikarp 7 1 1
[INFO] 19:10:01:163 gamecard/(16014:16027): Recib√≠ un mensaje de tipo NEW_POKEMON y sus datos son: Magikarp 7 1 1
[INFO] 19:11:14:2 gamecard/(16172:16185): Recib√≠ un mensaje de tipo NEW_POKEMON y sus datos son: Magikarp 7 1 1
[INFO] 19:14:44:965 gamecard/(17133:17146): Recib√≠ un mensaje de tipo NEW_POKEMON y sus datos son: Gyarados 7 1 1
[INFO] 19:15:17:507 gamecard/(17385:17398): Recib√≠ un mensaje de tipo NEW_POKEMON y sus datos son: Gyarados 7 1 1
[INFO] 19:16:50:437 gamecard/(17585:17598): Recib√≠ un mensaje de tipo NEW_POKEMON y sus datos son: Gyarados 7 1 1
[INFO] 19:20:31:613 gamecard/(18037:18050): Recib√≠ un mensaje de tipo NEW_POKEMON y sus datos son: Gyarados 7 1 1
[INFO] 19:21:03:219 gamecard/(18123:18136): Recib√≠ un mensaje de tipo NEW_POKEMON y sus datos son: Gyarados 7 1 1
[INFO] 19:21:22:986 gamecard/(18181:18194): Recib√≠ un mensaje de tipo NEW_POKEMON y sus datos son: Gyarados 7 1 1
[INFO] 19:22:39:490 gamecard/(18338:18351): Recib√≠ un mensaje de tipo NEW_POKEMON y sus datos son: Gyarados 7 1 1
[INFO] 19:22:54:945 gamecard/(18400:18413): Recib√≠ un mensaje de tipo NEW_POKEMON y sus datos son: Gyarados 7 1 1
[INFO] 19:23:17:295 gamecard/(18471:18484): Recib√≠ un mensaje de tipo NEW_POKEMON y sus datos son: Gyarados 7 1 1
[INFO] 15:16:40:739 gamecard/(7265:7278): Recib√≠ un mensaje de tipo NEW_POKEMON y sus datos son: Raichu 7 1 1
[INFO] 15:18:53:658 gamecard/(7943:7956): Recib√≠ un mensaje de tipo NEW_POKEMON y sus datos son: Raichu 7 1 1
[INFO] 15:19:21:141 gamecard/(7998:8011): Recib√≠ un mensaje de tipo NEW_POKEMON y sus datos son: Raichu 7 1 1
[INFO] 15:22:44:37 gamecard/(8403:8416): Recib√≠ un mensaje de tipo NEW_POKEMON y sus datos son: Raichu 7 1 1
[INFO] 15:22:58:226 gamecard/(8443:8456): Recib√≠ un mensaje de tipo NEW_POKEMON y sus datos son: Raichu 7 1 1
[INFO] 15:24:32:667 gamecard/(8586:8599): Recib√≠ un mensaje de tipo NEW_POKEMON y sus datos son: Raichu 7 1 1
[INFO] 15:24:42:555 gamecard/(8622:8635): Recib√≠ un mensaje de tipo NEW_POKEMON y sus datos son: Raichu 7 1 1
[INFO] 15:25:15:157 gamecard/(8871:8884): Recib√≠ un mensaje de tipo NEW_POKEMON y sus datos son: Raichu 7 1 1
[INFO] 15:26:38:902 gamecard/(9008:9021): Recib√≠ un mensaje de tipo NEW_POKEMON y sus datos son: Raichu 7 1 1
[INFO] 15:28:25:621 gamecard/(9281:9294): Recib√≠ un mensaje de tipo NEW_POKEMON y sus datos son: Raichu 7 1 1
[INFO] 15:28:49:772 gamecard/(9342:9355): Recib√≠ un mensaje de tipo NEW_POKEMON y sus datos son: Raichu 7 1 1
[INFO] 15:30:13:446 gamecard/(9493:9506): Recib√≠ un mensaje de tipo NEW_POKEMON y sus datos son: Raichu 7 1 1
[INFO] 15:31:43:433 gamecard/(9653:9666): Recib√≠ un mensaje de tipo NEW_POKEMON y sus datos son: Raichu 7 1 1
[INFO] 15:34:26:255 gamecard/(10109:10122): Recib√≠ un mensaje de tipo NEW_POKEMON y sus datos son: Raichu 7 1 1
[INFO] 15:36:35:117 gamecard/(10276:10289): Recib√≠ un mensaje de tipo NEW_POKEMON y sus datos son: Raichu 7 1 1
[INFO] 15:37:20:228 gamecard/(10368:10381): Recib√≠ un mensaje de tipo NEW_POKEMON y sus datos son: Raichu 7 1 1
[INFO] 15:37:38:293 gamecard/(10417:10430): Recib√≠ un mensaje de tipo NEW_POKEMON y sus datos son: Raichu 7 1 1
[INFO] 15:38:02:283 gamecard/(10473:10486): Recib√≠ un mensaje de tipo NEW_POKEMON y sus datos son: Raichu 7 1 1
[INFO] 15:39:13:833 gamecard/(10588:10601): Recib√≠ un mensaje de tipo NEW_POKEMON y sus datos son: Raichu 7 1 1
[INFO] 15:39:59:17 gamecard/(10690:10703): Recib√≠ un mensaje de tipo NEW_POKEMON y sus datos son: Raichu 7 1 1
[INFO] 15:40:13:801 gamecard/(10732:10745): Recib√≠ un mensaje de tipo NEW_POKEMON y sus datos son: Raichu 7 1 1
[INFO] 15:53:31:890 gamecard/(12087:12100): Recib√≠ un mensaje de tipo NEW_POKEMON y sus datos son: Raichu 7 1 1
[INFO] 15:54:13:460 gamecard/(12178:12191): Recib√≠ un mensaje de tipo NEW_POKEMON y sus datos son: Raichu 7 1 1
[INFO] 15:59:57:717 gamecard/(12596:12609): Recib√≠ un mensaje de tipo NEW_POKEMON y sus datos son: Raichu 7 1 1
[INFO] 16:00:51:641 gamecard/(12682:12695): Recib√≠ un mensaje de tipo NEW_POKEMON y sus datos son: Raichu 7 1 1
[INFO] 16:18:08:322 gamecard/(14570:14583): Recib√≠ un mensaje de tipo NEW_POKEMON y sus datos son: Raichu 7 1 1
[INFO] 16:19:23:995 gamecard/(14688:14701): Recib√≠ un mensaje de tipo NEW_POKEMON y sus datos son: Raichu 7 1 1
[INFO] 16:20:52:618 gamecard/(14909:14922): Recib√≠ un mensaje de tipo NEW_POKEMON y sus datos son: Raichu 7 1 1
[INFO] 16:21:12:564 gamecard/(14952:14965): Recib√≠ un mensaje de tipo NEW_POKEMON y sus datos son: Raichu 7 1 1
[INFO] 16:22:25:711 gamecard/(15220:15233): Recib√≠ un mensaje de tipo NEW_POKEMON y sus datos son: Raichu 7 1 1
[INFO] 16:23:04:443 gamecard/(15317:15330): Recib√≠ un mensaje de tipo NEW_POKEMON y sus datos son: Raichu 7 1 1
[INFO] 16:25:41:122 gamecard/(15551:15564): Recib√≠ un mensaje de tipo NEW_POKEMON y sus datos son: Raichu 7 1 1
[INFO] 17:44:17:464 gamecard/(5959:5970): Recib√≠ un mensaje de tipo GET_POKEMON y sus datos son: Squirtle
[INFO] 17:44:17:469 gamecard/(5959:5991): Recib√≠ un mensaje de tipo GET_POKEMON y sus datos son: Pikachu
[INFO] 17:44:17:475 gamecard/(5959:6006): Recib√≠ un mensaje de tipo GET_POKEMON y sus datos son: Gengar
[INFO] 17:44:17:477 gamecard/(5959:6009): Recib√≠ un mensaje de tipo GET_POKEMON y sus datos son: Onix
[INFO] 17:47:51:832 gamecard/(13359:13370): Recib√≠ un mensaje de tipo GET_POKEMON y sus datos son: Squirtle
[INFO] 17:47:51:842 gamecard/(13359:13391): Recib√≠ un mensaje de tipo GET_POKEMON y sus datos son: Pikachu
[INFO] 17:47:51:850 gamecard/(13359:13406): Recib√≠ un mensaje de tipo GET_POKEMON y sus datos son: Gengar
[INFO] 17:47:51:866 gamecard/(13359:13409): Recib√≠ un mensaje de tipo GET_POKEMON y sus datos son: Onix
[INFO] 17:48:23:293 gamecard/(13359:13369): Recib√≠ un mensaje de tipo APPEARED_POKEMON y sus datos son: Pikachu 1 1
[INFO] 17:48:33:300 gamecard/(13359:13433): Recib√≠ un mensaje de tipo APPEARED_POKEMON y sus datos son: Squirtle 9 7
[INFO] 17:49:08:305 gamecard/(13359:13439): Recib√≠ un mensaje de tipo APPEARED_POKEMON y sus datos son: Onix 2 2
[INFO] 17:50:23:722 gamecard/(13359:13443): Recib√≠ un mensaje de tipo APPEARED_POKEMON y sus datos son: Squirtle 3 5
[INFO] 17:50:43:727 gamecard/(13359:13472): Recib√≠ un mensaje de tipo APPEARED_POKEMON y sus datos son: Gengar 7 5
[INFO] 17:55:57:115 gamecard/(1014:1030): Recib√≠ un mensaje de tipo GET_POKEMON y sus datos son: Squirtle
[INFO] 17:55:57:122 gamecard/(1014:1031): Recib√≠ un mensaje de tipo GET_POKEMON y sus datos son: Pikachu
[INFO] 17:55:57:123 gamecard/(1014:1035): Recib√≠ un mensaje de tipo GET_POKEMON y sus datos son: Gengar
[INFO] 17:55:57:126 gamecard/(1014:1037): Recib√≠ un mensaje de tipo GET_POKEMON y sus datos son: Onix
[INFO] 17:56:23:226 gamecard/(1014:1028): Recib√≠ un mensaje de tipo APPEARED_POKEMON y sus datos son: Pikachu 1 1
[INFO] 17:56:33:233 gamecard/(1014:1058): Recib√≠ un mensaje de tipo APPEARED_POKEMON y sus datos son: Squirtle 9 7
[INFO] 17:57:08:238 gamecard/(1014:1063): Recib√≠ un mensaje de tipo APPEARED_POKEMON y sus datos son: Onix 2 2
[INFO] 17:58:19:777 gamecard/(1014:1066): Recib√≠ un mensaje de tipo APPEARED_POKEMON y sus datos son: Squirtle 3 5
[INFO] 17:58:39:777 gamecard/(1014:1096): Recib√≠ un mensaje de tipo APPEARED_POKEMON y sus datos son: Gengar 7 5
[INFO] 20:21:38:534 gamecard/(5154:5165): Recib√≠ un mensaje de tipo GET_POKEMON y sus datos son: Squirtle
[INFO] 20:21:38:548 gamecard/(5154:5182): Recib√≠ un mensaje de tipo GET_POKEMON y sus datos son: Pikachu
[INFO] 20:21:38:554 gamecard/(5154:5197): Recib√≠ un mensaje de tipo GET_POKEMON y sus datos son: Gengar
[INFO] 20:21:38:557 gamecard/(5154:5200): Recib√≠ un mensaje de tipo GET_POKEMON y sus datos son: Onix
[INFO] 20:22:22:874 gamecard/(5154:5163): Recib√≠ un mensaje de tipo APPEARED_POKEMON y sus datos son: Pikachu 1 1
[INFO] 20:22:32:880 gamecard/(5154:5229): Recib√≠ un mensaje de tipo APPEARED_POKEMON y sus datos son: Squirtle 9 7
[INFO] 20:23:07:885 gamecard/(5154:5232): Recib√≠ un mensaje de tipo APPEARED_POKEMON y sus datos son: Onix 2 2
[INFO] 20:24:23:117 gamecard/(5154:5237): Recib√≠ un mensaje de tipo APPEARED_POKEMON y sus datos son: Squirtle 3 5
[INFO] 20:24:43:120 gamecard/(5154:5265): Recib√≠ un mensaje de tipo APPEARED_POKEMON y sus datos son: Gengar 7 5
[INFO] 20:39:06:905 gamecard/(5654:5665): Recib√≠ un mensaje de tipo GET_POKEMON y sus datos son: Squirtle
[INFO] 20:39:06:919 gamecard/(5654:5667): Recib√≠ un mensaje de tipo GET_POKEMON y sus datos son: Pikachu
[INFO] 20:39:06:921 gamecard/(5654:5670): Recib√≠ un mensaje de tipo GET_POKEMON y sus datos son: Gengar
[INFO] 20:39:06:924 gamecard/(5654:5672): Recib√≠ un mensaje de tipo GET_POKEMON y sus datos son: Onix
[INFO] 20:39:27:624 gamecard/(5654:5664): Recib√≠ un mensaje de tipo APPEARED_POKEMON y sus datos son: Pikachu 1 1
[INFO] 20:39:29:632 gamecard/(5654:5684): Recib√≠ un mensaje de tipo APPEARED_POKEMON y sus datos son: Squirtle 9 7
[INFO] 20:39:36:638 gamecard/(5654:5687): Recib√≠ un mensaje de tipo APPEARED_POKEMON y sus datos son: Onix 2 2
[INFO] 20:40:01:218 gamecard/(5654:5690): Recib√≠ un mensaje de tipo APPEARED_POKEMON y sus datos son: Squirtle 3 5
[INFO] 20:40:05:222 gamecard/(5654:5712): Recib√≠ un mensaje de tipo APPEARED_POKEMON y sus datos son: Gengar 7 5
[INFO] 20:43:47:457 gamecard/(22985:22996): Recib√≠ un mensaje de tipo GET_POKEMON y sus datos son: Squirtle
[INFO] 20:43:47:461 gamecard/(22985:22998): Recib√≠ un mensaje de tipo GET_POKEMON y sus datos son: Pikachu
[INFO] 20:43:47:470 gamecard/(22985:23001): Recib√≠ un mensaje de tipo GET_POKEMON y sus datos son: Gengar
[INFO] 20:43:47:471 gamecard/(22985:23003): Recib√≠ un mensaje de tipo GET_POKEMON y sus datos son: Onix
[INFO] 20:43:55:131 gamecard/(22985:22995): Recib√≠ un mensaje de tipo APPEARED_POKEMON y sus datos son: Pikachu 1 1
[INFO] 20:43:57:136 gamecard/(22985:23015): Recib√≠ un mensaje de tipo APPEARED_POKEMON y sus datos son: Squirtle 9 7
[INFO] 20:44:04:149 gamecard/(22985:23018): Recib√≠ un mensaje de tipo APPEARED_POKEMON y sus datos son: Onix 2 2
[INFO] 20:44:26:172 gamecard/(22985:23021): Recib√≠ un mensaje de tipo APPEARED_POKEMON y sus datos son: Squirtle 3 5
[INFO] 20:44:30:178 gamecard/(22985:23041): Recib√≠ un mensaje de tipo APPEARED_POKEMON y sus datos son: Gengar 7 5
[INFO] 20:47:19:452 gamecard/(31646:31657): Recib√≠ un mensaje de tipo GET_POKEMON y sus datos son: Squirtle
[INFO] 20:47:19:455 gamecard/(31646:31659): Recib√≠ un mensaje de tipo GET_POKEMON y sus datos son: Pikachu
[INFO] 20:47:19:457 gamecard/(31646:31661): Recib√≠ un mensaje de tipo GET_POKEMON y sus datos son: Gengar
[INFO] 20:47:19:466 gamecard/(31646:31663): Recib√≠ un mensaje de tipo GET_POKEMON y sus datos son: Onix
[INFO] 20:47:31:253 gamecard/(31646:31655): Recib√≠ un mensaje de tipo APPEARED_POKEMON y sus datos son: Pikachu 1 1
[INFO] 20:47:33:260 gamecard/(31646:31676): Recib√≠ un mensaje de tipo APPEARED_POKEMON y sus datos son: Squirtle 9 7
[INFO] 20:47:40:263 gamecard/(31646:31679): Recib√≠ un mensaje de tipo APPEARED_POKEMON y sus datos son: Onix 2 2
[INFO] 20:47:59:484 gamecard/(31646:31682): Recib√≠ un mensaje de tipo APPEARED_POKEMON y sus datos son: Squirtle 3 5
[INFO] 20:48:03:484 gamecard/(31646:31704): Recib√≠ un mensaje de tipo APPEARED_POKEMON y sus datos son: Gengar 7 5
[INFO] 21:01:04:164 gamecard/(10980:10991): Recib√≠ un mensaje de tipo GET_POKEMON y sus datos son: Squirtle
[INFO] 21:01:04:170 gamecard/(10980:10993): Recib√≠ un mensaje de tipo GET_POKEMON y sus datos son: Pikachu
[INFO] 21:01:04:176 gamecard/(10980:10996): Recib√≠ un mensaje de tipo GET_POKEMON y sus datos son: Gengar
[INFO] 21:01:04:181 gamecard/(10980:10998): Recib√≠ un mensaje de tipo GET_POKEMON y sus datos son: Onix
[INFO] 21:01:25:379 gamecard/(10980:10990): Recib√≠ un mensaje de tipo APPEARED_POKEMON y sus datos son: Pikachu 1 1
[INFO] 21:01:27:387 gamecard/(10980:11016): Recib√≠ un mensaje de tipo APPEARED_POKEMON y sus datos son: Squirtle 9 7
[INFO] 21:01:34:393 gamecard/(10980:11019): Recib√≠ un mensaje de tipo APPEARED_POKEMON y sus datos son: Onix 2 2
[INFO] 21:02:13:428 gamecard/(10980:11022): Recib√≠ un mensaje de tipo APPEARED_POKEMON y sus datos son: Squirtle 3 5
[INFO] 21:02:17:430 gamecard/(10980:11044): Recib√≠ un mensaje de tipo APPEARED_POKEMON y sus datos son: Gengar 7 5
[INFO] 21:10:43:929 gamecard/(5522:5533): Recib√≠ un mensaje de tipo GET_POKEMON y sus datos son: Squirtle
[INFO] 21:10:43:941 gamecard/(5522:5553): Recib√≠ un mensaje de tipo GET_POKEMON y sus datos son: Pikachu
[INFO] 21:10:43:949 gamecard/(5522:5566): Recib√≠ un mensaje de tipo GET_POKEMON y sus datos son: Gengar
[INFO] 21:10:43:957 gamecard/(5522:5569): Recib√≠ un mensaje de tipo GET_POKEMON y sus datos son: Onix
[INFO] 21:10:52:141 gamecard/(5522:5531): Recib√≠ un mensaje de tipo APPEARED_POKEMON y sus datos son: Pikachu 1 1
[INFO] 21:10:54:153 gamecard/(5522:5582): Recib√≠ un mensaje de tipo APPEARED_POKEMON y sus datos son: Squirtle 9 7
[INFO] 21:11:01:155 gamecard/(5522:5585): Recib√≠ un mensaje de tipo APPEARED_POKEMON y sus datos son: Onix 2 2
[INFO] 21:11:18:528 gamecard/(5522:5588): Recib√≠ un mensaje de tipo APPEARED_POKEMON y sus datos son: Squirtle 3 5
[INFO] 21:11:22:534 gamecard/(5522:5618): Recib√≠ un mensaje de tipo APPEARED_POKEMON y sus datos son: Gengar 7 5
[INFO] 21:14:24:120 gamecard/(5724:5735): Recib√≠ un mensaje de tipo GET_POKEMON y sus datos son: Squirtle
[INFO] 21:14:24:134 gamecard/(5724:5738): Recib√≠ un mensaje de tipo GET_POKEMON y sus datos son: Pikachu
[INFO] 21:14:24:135 gamecard/(5724:5740): Recib√≠ un mensaje de tipo GET_POKEMON y sus datos son: Gengar
[INFO] 21:14:24:140 gamecard/(5724:5742): Recib√≠ un mensaje de tipo GET_POKEMON y sus datos son: Onix
[INFO] 21:14:30:638 gamecard/(5724:5734): Recib√≠ un mensaje de tipo APPEARED_POKEMON y sus datos son: Pikachu 1 1
[INFO] 21:14:32:645 gamecard/(5724:5754): Recib√≠ un mensaje de tipo APPEARED_POKEMON y sus datos son: Squirtle 9 7
[INFO] 21:14:39:650 gamecard/(5724:5757): Recib√≠ un mensaje de tipo APPEARED_POKEMON y sus datos son: Onix 2 2
[INFO] 21:14:54:656 gamecard/(5724:5760): Recib√≠ un mensaje de tipo APPEARED_POKEMON y sus datos son: Squirtle 3 5
[INFO] 21:14:58:664 gamecard/(5724:5782): Recib√≠ un mensaje de tipo APPEARED_POKEMON y sus datos son: Gengar 7 5
[INFO] 21:18:42:694 gamecard/(5892:5903): Recib√≠ un mensaje de tipo GET_POKEMON y sus datos son: Squirtle
[INFO] 21:18:42:698 gamecard/(5892:5906): Recib√≠ un mensaje de tipo GET_POKEMON y sus datos son: Pikachu
[INFO] 21:18:42:709 gamecard/(5892:5907): Recib√≠ un mensaje de tipo GET_POKEMON y sus datos son: Gengar
[INFO] 21:18:42:717 gamecard/(5892:5909): Recib√≠ un mensaje de tipo GET_POKEMON y sus datos son: Onix
[INFO] 21:18:50:500 gamecard/(5892:5901): Recib√≠ un mensaje de tipo APPEARED_POKEMON y sus datos son: Pikachu 1 1
[INFO] 21:18:52:508 gamecard/(5892:5925): Recib√≠ un mensaje de tipo APPEARED_POKEMON y sus datos son: Squirtle 9 7
[INFO] 21:18:59:518 gamecard/(5892:5928): Recib√≠ un mensaje de tipo APPEARED_POKEMON y sus datos son: Onix 2 2
[INFO] 21:19:24:395 gamecard/(5892:5931): Recib√≠ un mensaje de tipo APPEARED_POKEMON y sus datos son: Squirtle 3 5
[INFO] 21:19:28:398 gamecard/(5892:5951): Recib√≠ un mensaje de tipo APPEARED_POKEMON y sus datos son: Gengar 7 5
[INFO] 21:21:51:352 gamecard/(6047:6058): Recib√≠ un mensaje de tipo GET_POKEMON y sus datos son: Squirtle
[INFO] 21:21:51:356 gamecard/(6047:6060): Recib√≠ un mensaje de tipo GET_POKEMON y sus datos son: Pikachu
[INFO] 21:21:51:359 gamecard/(6047:6063): Recib√≠ un mensaje de tipo GET_POKEMON y sus datos son: Gengar
[INFO] 21:21:51:373 gamecard/(6047:6065): Recib√≠ un mensaje de tipo GET_POKEMON y sus datos son: Onix
[INFO] 21:22:02:103 gamecard/(6047:6056): Recib√≠ un mensaje de tipo APPEARED_POKEMON y sus datos son: Pikachu 1 1
[INFO] 21:22:04:111 gamecard/(6047:6078): Recib√≠ un mensaje de tipo APPEARED_POKEMON y sus datos son: Squirtle 9 7
[INFO] 21:22:11:122 gamecard/(6047:6081): Recib√≠ un mensaje de tipo APPEARED_POKEMON y sus datos son: Onix 2 2
[INFO] 21:23:08:829 gamecard/(6047:6086): Recib√≠ un mensaje de tipo APPEARED_POKEMON y sus datos son: Squirtle 3 5
[INFO] 21:23:12:833 gamecard/(6047:6119): Recib√≠ un mensaje de tipo APPEARED_POKEMON y sus datos son: Gengar 7 5
