
[INFO] 11:47:18:884 gameboy/(5219:5219): Se realiza una conexión al proceso BROKER
[INFO] 11:47:18:884 gameboy/(5219:5219): Se ha enviado el mensaje NEW_POKEMON al proceso BROKER
[INFO] 11:48:08:292 gameboy/(5286:5286): Se realiza una conexión al proceso TEAM
[INFO] 11:48:08:292 gameboy/(5286:5286): Se ha enviado el mensaje APPEARED_POKEMON al proceso TEAM
[INFO] 11:48:08:296 gameboy/(5288:5288): Se realiza una conexión al proceso TEAM
[INFO] 11:48:08:296 gameboy/(5288:5288): Se ha enviado el mensaje APPEARED_POKEMON al proceso TEAM
[INFO] 11:48:08:299 gameboy/(5289:5289): Se realiza una conexión al proceso TEAM
[INFO] 11:48:08:299 gameboy/(5289:5289): Se ha enviado el mensaje APPEARED_POKEMON al proceso TEAM
[INFO] 11:49:01:436 gameboy/(5346:5346): Se realiza una conexión al proceso BROKER
[INFO] 11:49:01:436 gameboy/(5346:5346): Se ha enviado el mensaje CAUGHT_POKEMON al proceso BROKER
[INFO] 11:49:06:992 gameboy/(5354:5354): Se realiza una conexión al proceso BROKER
[INFO] 11:49:06:992 gameboy/(5354:5354): Se ha enviado el mensaje CAUGHT_POKEMON al proceso BROKER
[INFO] 11:49:12:116 gameboy/(5362:5362): Se realiza una conexión al proceso BROKER
[INFO] 11:49:12:116 gameboy/(5362:5362): Se ha enviado el mensaje CAUGHT_POKEMON al proceso BROKER
[INFO] 11:49:26:904 gameboy/(5385:5385): Se realiza una conexión al proceso TEAM
[INFO] 11:49:26:904 gameboy/(5385:5385): Se ha enviado el mensaje APPEARED_POKEMON al proceso TEAM
[INFO] 11:49:26:905 gameboy/(5387:5387): Se realiza una conexión al proceso TEAM
[INFO] 11:49:26:905 gameboy/(5387:5387): Se ha enviado el mensaje APPEARED_POKEMON al proceso TEAM
[INFO] 11:49:48:635 gameboy/(5413:5413): Se realiza una conexión al proceso BROKER
[INFO] 11:49:48:635 gameboy/(5413:5413): Se ha enviado el mensaje CAUGHT_POKEMON al proceso BROKER
[INFO] 11:49:53:816 gameboy/(5421:5421): Se realiza una conexión al proceso BROKER
[INFO] 11:49:53:816 gameboy/(5421:5421): Se ha enviado el mensaje CAUGHT_POKEMON al proceso BROKER
[INFO] 19:39:56:655 gameboy/(12341:12341): Se realiza una conexión al proceso BROKER
[INFO] 19:39:56:655 gameboy/(12341:12341): Se ha enviado el mensaje NEW_POKEMON al proceso BROKER
[INFO] 20:18:30:552 gameboy/(9475:9475): Se realiza una conexión al proceso GAMECARD
[INFO] 20:19:30:808 gameboy/(9542:9542): Se realiza una conexión al proceso GAMECARD
[INFO] 20:19:30:808 gameboy/(9542:9542): Se ha enviado el mensaje NEW_POKEMON al proceso GAMECARD
[INFO] 20:19:47:589 gameboy/(9564:9564): Se realiza una conexión al proceso GAMECARD
[INFO] 20:19:57:563 gameboy/(9576:9576): Se realiza una conexión al proceso GAMECARD
[INFO] 20:20:14:413 gameboy/(9598:9598): Se realiza una conexión al proceso BROKER
[INFO] 20:20:14:413 gameboy/(9598:9598): Se ha enviado el mensaje NEW_POKEMON al proceso BROKER
[INFO] 08:15:52:418 gameboy/(4939:4939): Se realiza una conexión al proceso BROKER
[INFO] 08:15:52:419 gameboy/(4939:4939): Se ha enviado el mensaje NEW_POKEMON al proceso BROKER
[INFO] 10:45:35:143 gameboy/(5053:5053): Se realiza una conexión al proceso BROKER
[INFO] 10:45:35:143 gameboy/(5053:5053): Se ha enviado el mensaje NEW_POKEMON al proceso BROKER
[INFO] 11:01:26:906 gameboy/(7147:7147): Se realiza una conexión al proceso BROKER
[INFO] 11:01:26:906 gameboy/(7147:7147): Se ha enviado el mensaje NEW_POKEMON al proceso BROKER
[INFO] 12:11:50:706 gameboy/(15161:15161): Se realiza una conexión al proceso BROKER
[INFO] 12:11:50:706 gameboy/(15161:15161): Se ha enviado el mensaje NEW_POKEMON al proceso BROKER
[INFO] 15:51:42:323 gameboy/(6327:6327): Se realiza una conexión al proceso BROKER
[INFO] 15:52:23:822 gameboy/(6434:6434): Se realiza una conexión al proceso BROKER
[INFO] 15:52:23:822 gameboy/(6434:6434): Se ha enviado el mensaje NEW_POKEMON al proceso BROKER
[INFO] 15:59:50:904 gameboy/(7577:7577): Se realiza una conexión al proceso BROKER
[INFO] 15:59:50:904 gameboy/(7577:7577): Se ha enviado el mensaje NEW_POKEMON al proceso BROKER
[INFO] 16:06:43:134 gameboy/(8655:8655): Se realiza una conexión al proceso BROKER
[INFO] 16:06:43:134 gameboy/(8655:8655): Se ha enviado el mensaje NEW_POKEMON al proceso BROKER
[INFO] 16:07:06:998 gameboy/(8713:8713): Se realiza una conexión al proceso BROKER
[INFO] 16:07:06:998 gameboy/(8713:8713): Se ha enviado el mensaje NEW_POKEMON al proceso BROKER
[INFO] 16:09:31:729 gameboy/(15870:15870): Se realiza una conexión al proceso BROKER
[INFO] 16:09:31:729 gameboy/(15870:15870): Se ha enviado el mensaje NEW_POKEMON al proceso BROKER
[INFO] 16:09:50:214 gameboy/(15918:15918): Se realiza una conexión al proceso BROKER
[INFO] 16:09:50:214 gameboy/(15918:15918): Se ha enviado el mensaje NEW_POKEMON al proceso BROKER
[INFO] 16:09:59:256 gameboy/(15940:15940): Se realiza una conexión al proceso BROKER
[INFO] 16:09:59:256 gameboy/(15940:15940): Se ha enviado el mensaje NEW_POKEMON al proceso BROKER
[INFO] 16:10:16:69 gameboy/(15986:15986): Se realiza una conexión al proceso BROKER
[INFO] 16:10:16:69 gameboy/(15986:15986): Se ha enviado el mensaje NEW_POKEMON al proceso BROKER
[INFO] 16:19:37:452 gameboy/(5139:5139): Se realiza una conexión al proceso BROKER
[INFO] 16:19:37:452 gameboy/(5139:5139): Se ha enviado el mensaje NEW_POKEMON al proceso BROKER
[INFO] 16:19:54:129 gameboy/(5191:5191): Se realiza una conexión al proceso BROKER
[INFO] 16:19:54:129 gameboy/(5191:5191): Se ha enviado el mensaje NEW_POKEMON al proceso BROKER
[INFO] 16:20:17:365 gameboy/(5247:5247): Se realiza una conexión al proceso BROKER
[INFO] 16:20:17:365 gameboy/(5247:5247): Se ha enviado el mensaje NEW_POKEMON al proceso BROKER
[INFO] 16:32:39:995 gameboy/(7249:7249): Se realiza una conexión al proceso BROKER
[INFO] 16:32:39:995 gameboy/(7249:7249): Se ha enviado el mensaje NEW_POKEMON al proceso BROKER
[INFO] 16:32:43:398 gameboy/(7263:7263): Se realiza una conexión al proceso BROKER
[INFO] 16:32:43:398 gameboy/(7263:7263): Se ha enviado el mensaje NEW_POKEMON al proceso BROKER
[INFO] 16:44:56:767 gameboy/(8866:8866): Se realiza una conexión al proceso BROKER
[INFO] 16:44:56:767 gameboy/(8866:8866): Se ha enviado el mensaje NEW_POKEMON al proceso BROKER
[INFO] 17:20:11:700 gameboy/(13884:13884): Se realiza una conexión al proceso BROKER
[INFO] 17:20:11:700 gameboy/(13884:13884): Se ha enviado el mensaje NEW_POKEMON al proceso BROKER
[INFO] 17:31:10:124 gameboy/(15281:15281): Se realiza una conexión al proceso BROKER
[INFO] 17:31:10:124 gameboy/(15281:15281): Se ha enviado el mensaje NEW_POKEMON al proceso BROKER
[INFO] 18:12:45:652 gameboy/(19242:19242): Se realiza una conexión al proceso BROKER
[INFO] 18:12:45:652 gameboy/(19242:19242): Se ha enviado el mensaje NEW_POKEMON al proceso BROKER
[INFO] 18:13:11:55 gameboy/(19313:19313): Se realiza una conexión al proceso BROKER
[INFO] 18:13:11:55 gameboy/(19313:19313): Se ha enviado el mensaje NEW_POKEMON al proceso BROKER
[INFO] 18:13:29:912 gameboy/(19378:19378): Se realiza una conexión al proceso BROKER
[INFO] 18:13:29:912 gameboy/(19378:19378): Se ha enviado el mensaje NEW_POKEMON al proceso BROKER
